<?xml version="1.0" encoding="UTF-8"?>
<!-- Generated by org.testng.reporters.JUnitReportReporter -->
<testsuite skipped="0" hostname="Hi" name="org.test.Parameter" tests="1" failures="0" timestamp="08 Sep 2020 14:10:17 GMT" time="0.573" errors="0">
  <testcase name="tc2" time="0.573" classname="org.test.Parameter"/>
</testsuite> <!-- org.test.Parameter -->
