<?xml version="1.0" encoding="UTF-8"?>
<!-- Generated by org.testng.reporters.JUnitReportReporter -->
<testsuite skipped="0" hostname="Hi" name="org.test.ThreadCount" tests="4" failures="0" timestamp="08 Sep 2020 14:47:46 GMT" time="156.807" errors="0">
  <testcase name="tc2" time="39.262" classname="org.test.ThreadCount"/>
  <testcase name="tc4" time="40.513" classname="org.test.ThreadCount"/>
  <testcase name="tc1" time="37.097" classname="org.test.ThreadCount"/>
  <testcase name="tc3" time="39.935" classname="org.test.ThreadCount"/>
</testsuite> <!-- org.test.ThreadCount -->
